OpenJDK 64-Bit Server VM (25.302-b08) for linux-amd64 JRE (1.8.0_302-b08), built on Jul 16 2021 05:13:40 by "openjdk" with gcc 4.4.7 20120313 (Red Hat 4.4.7-23)
Memory: 4k page, physical 7788732k(2562788k free), swap 2097152k(2097152k free)
CommandLine flags: -XX:InitialHeapSize=124619712 -XX:MaxHeapSize=1993915392 -XX:+PrintGC -XX:+PrintGCDetails -XX:+PrintGCTimeStamps -XX:+UseCompressedClassPointers -XX:+UseCompressedOops -XX:+UseParallelGC 
0.478: [GC (Allocation Failure) [PSYoungGen: 30720K->5096K(35840K)] 30720K->6189K(117760K), 0.0069589 secs] [Times: user=0.00 sys=0.03, real=0.01 secs] 
0.704: [GC (Allocation Failure) [PSYoungGen: 35816K->5101K(66560K)] 36909K->7603K(148480K), 0.0052473 secs] [Times: user=0.02 sys=0.01, real=0.01 secs] 
1.249: [GC (Allocation Failure) [PSYoungGen: 66541K->5103K(66560K)] 69043K->12560K(148480K), 0.0115613 secs] [Times: user=0.02 sys=0.03, real=0.01 secs] 
2.147: [GC (Allocation Failure) [PSYoungGen: 66543K->5093K(128000K)] 74000K->15757K(209920K), 0.0107749 secs] [Times: user=0.03 sys=0.04, real=0.01 secs] 
2.195: [GC (Metadata GC Threshold) [PSYoungGen: 19413K->5103K(128000K)] 30077K->16651K(209920K), 0.0057704 secs] [Times: user=0.01 sys=0.03, real=0.01 secs] 
2.201: [Full GC (Metadata GC Threshold) [PSYoungGen: 5103K->0K(128000K)] [ParOldGen: 11548K->7669K(48640K)] 16651K->7669K(176640K), [Metaspace: 20619K->20619K(1069056K)], 0.0185520 secs] [Times: user=0.09 sys=0.02, real=0.02 secs] 
2.772: [GC (Allocation Failure) [PSYoungGen: 122880K->10210K(234496K)] 130549K->23443K(283136K), 0.0171925 secs] [Times: user=0.02 sys=0.02, real=0.02 secs] 
13.901: [GC (Allocation Failure) [PSYoungGen: 234466K->14828K(251392K)] 247699K->37367K(300032K), 0.0391189 secs] [Times: user=0.03 sys=0.04, real=0.04 secs] 
14.480: [GC (Allocation Failure) [PSYoungGen: 251372K->21489K(417792K)] 273911K->44873K(466432K), 0.0141034 secs] [Times: user=0.05 sys=0.06, real=0.01 secs] 
15.362: [GC (Allocation Failure) [PSYoungGen: 417777K->25058K(421376K)] 441161K->70904K(470016K), 0.0209372 secs] [Times: user=0.06 sys=0.11, real=0.02 secs] 
15.384: [Full GC (Ergonomics) [PSYoungGen: 25058K->2107K(421376K)] [ParOldGen: 45846K->48230K(107008K)] 70904K->50337K(528384K), [Metaspace: 31612K->31612K(1079296K)], 0.0449498 secs] [Times: user=0.33 sys=0.04, real=0.05 secs] 
19.592: [GC (Allocation Failure) [PSYoungGen: 398395K->19990K(611840K)] 446625K->68773K(718848K), 0.0250447 secs] [Times: user=0.07 sys=0.03, real=0.03 secs] 
20.459: [GC (Metadata GC Threshold) [PSYoungGen: 161403K->11111K(584704K)] 210186K->68016K(691712K), 0.0206518 secs] [Times: user=0.05 sys=0.06, real=0.02 secs] 
20.480: [Full GC (Metadata GC Threshold) [PSYoungGen: 11111K->0K(584704K)] [ParOldGen: 56905K->57628K(124928K)] 68016K->57628K(709632K), [Metaspace: 53028K->53028K(1097728K)], 0.1113663 secs] [Times: user=1.05 sys=0.01, real=0.11 secs] 
24.667: [GC (Metadata GC Threshold) [PSYoungGen: 540117K->36340K(597504K)] 597745K->99483K(722432K), 0.0474792 secs] [Times: user=0.07 sys=0.04, real=0.04 secs] 
24.715: [Full GC (Metadata GC Threshold) [PSYoungGen: 36340K->0K(597504K)] [ParOldGen: 63143K->91447K(170496K)] 99483K->91447K(768000K), [Metaspace: 87414K->87414K(1128448K)], 0.0797236 secs] [Times: user=0.38 sys=0.10, real=0.08 secs] 
28.789: [GC (Allocation Failure) [PSYoungGen: 561152K->40101K(601600K)] 652599K->131556K(772096K), 0.0432054 secs] [Times: user=0.20 sys=0.06, real=0.04 secs] 
30.478: [GC (GCLocker Initiated GC) [PSYoungGen: 601115K->31887K(595456K)] 693595K->150984K(765952K), 0.0538741 secs] [Times: user=0.43 sys=0.18, real=0.05 secs] 
47.763: [GC (Allocation Failure) [PSYoungGen: 579727K->36794K(584704K)] 698835K->175110K(755200K), 0.1852438 secs] [Times: user=1.48 sys=0.11, real=0.19 secs] 
91.292: [GC (Allocation Failure) [PSYoungGen: 584634K->47813K(583680K)] 722950K->187319K(754176K), 0.2307138 secs] [Times: user=0.38 sys=0.01, real=0.23 secs] 
99.792: [GC (Allocation Failure) [PSYoungGen: 577951K->16960K(589824K)] 717457K->160735K(760320K), 0.0214370 secs] [Times: user=0.14 sys=0.02, real=0.02 secs] 
102.715: [GC (Metadata GC Threshold) [PSYoungGen: 209736K->10861K(586752K)] 353511K->161784K(757248K), 0.0155956 secs] [Times: user=0.11 sys=0.03, real=0.02 secs] 
102.733: [Full GC (Metadata GC Threshold) [PSYoungGen: 10861K->0K(586752K)] [ParOldGen: 150923K->114125K(214016K)] 161784K->114125K(800768K), [Metaspace: 144598K->144272K(1181696K)], 0.6734384 secs] [Times: user=3.15 sys=0.05, real=0.68 secs] 
957.695: [GC (Allocation Failure) [PSYoungGen: 532480K->5180K(589312K)] 646605K->119313K(803328K), 0.0864839 secs] [Times: user=1.03 sys=0.00, real=0.09 secs] 
